[     453ms] [LOG] JQMIGRATE: Migrate is installed, version 3.4.1 @ https://www.2gb.com/wp-includes/js/jquery/jquery-migrate.min.js?ver=3.4.1:1
[     626ms] [WARNING] [iFrameSizer][Host page: enablePublicMethods option has been removed, public methods are now always available in the iFrame] undefined @ https://www.2gb.com/wp-content/themes/ucms/assets/lib/iframe-resizer/iframeResizer.min.js?ver=1778569102:7
[     637ms] [WARNING] Failed to execute 'postMessage' on 'DOMWindow': The target origin provided ('https://omny.fm') does not match the recipient window's origin ('https://www.2gb.com'). @ https://www.2gb.com/wp-content/themes/ucms/assets/lib/iframe-resizer/iframeResizer.min.js?ver=1778569102:7
[     637ms] [WARNING] Failed to execute 'postMessage' on 'DOMWindow': The target origin provided ('https://embed.podcasts.apple.com') does not match the recipient window's origin ('https://www.2gb.com'). @ https://www.2gb.com/wp-content/themes/ucms/assets/lib/iframe-resizer/iframeResizer.min.js?ver=1778569102:7
[     930ms] [WARNING] [GPT] PubAdsService.setCentering is deprecated, use googletag.setConfig({centering: ...}) instead.
https://goo.gle/gpt-message#170 @ https://securepubads.g.doubleclick.net/pagead/managed/js/gpt/m202605070101/pubads_impl.js?cb=31098428:18
[     933ms] [WARNING] [GPT] Slot.setCollapseEmptyDiv is deprecated, use Slot.setConfig({collapseDiv: ...}) instead.
https://goo.gle/gpt-message#171 @ https://securepubads.g.doubleclick.net/pagead/managed/js/gpt/m202605070101/pubads_impl.js?cb=31098428:18
[    2315ms] [ERROR] Permissions policy violation: encrypted-media is not allowed in this document. @ https://js-cdn.music.apple.com/musickit/v3/amp/musickit.js:12
[    2315ms] [WARNING] Encrypted Media access has been blocked because of a Feature Policy applied to the current document. See https://crbug.com/414348233 for more details. @ https://js-cdn.music.apple.com/musickit/v3/amp/musickit.js:12
[    2316ms] [ERROR] Permissions policy violation: encrypted-media is not allowed in this document. @ https://js-cdn.music.apple.com/musickit/v3/amp/musickit.js:12
[    2316ms] [WARNING] Encrypted Media access has been blocked because of a Feature Policy applied to the current document. See https://crbug.com/414348233 for more details. @ https://js-cdn.music.apple.com/musickit/v3/amp/musickit.js:12
[    2316ms] [ERROR] Permissions policy violation: encrypted-media is not allowed in this document. @ https://js-cdn.music.apple.com/musickit/v3/amp/musickit.js:12
[    2316ms] [WARNING] Encrypted Media access has been blocked because of a Feature Policy applied to the current document. See https://crbug.com/414348233 for more details. @ https://js-cdn.music.apple.com/musickit/v3/amp/musickit.js:12
[    2316ms] [ERROR] Permissions policy violation: encrypted-media is not allowed in this document. @ https://js-cdn.music.apple.com/musickit/v3/amp/musickit.js:12
[    2316ms] [WARNING] Encrypted Media access has been blocked because of a Feature Policy applied to the current document. See https://crbug.com/414348233 for more details. @ https://js-cdn.music.apple.com/musickit/v3/amp/musickit.js:12
[    5630ms] [WARNING] [iFrameSizer][Host page: iFrameResizer0] IFrame has not responded within 5 seconds. Check iFrameResizer.contentWindow.js has been loaded in iFrame. This message can be ignored if everything is working, or you can set the warningTimeout option to a higher value or zero to suppress this warning. @ https://www.2gb.com/wp-content/themes/ucms/assets/lib/iframe-resizer/iframeResizer.min.js?ver=1778569102:7
[    5630ms] [WARNING] [iFrameSizer][Host page: embedPlayer] IFrame has not responded within 5 seconds. Check iFrameResizer.contentWindow.js has been loaded in iFrame. This message can be ignored if everything is working, or you can set the warningTimeout option to a higher value or zero to suppress this warning. @ https://www.2gb.com/wp-content/themes/ucms/assets/lib/iframe-resizer/iframeResizer.min.js?ver=1778569102:7
[    6670ms] [WARNING] [iFrameSizer][Host page: embedPlayer] IFrame has not responded within 5 seconds. Check iFrameResizer.contentWindow.js has been loaded in iFrame. This message can be ignored if everything is working, or you can set the warningTimeout option to a higher value or zero to suppress this warning. @ https://www.2gb.com/wp-content/themes/ucms/assets/lib/iframe-resizer/iframeResizer.min.js?ver=1778569102:7
[    7209ms] [WARNING] [iFrameSizer][Host page: iFrameResizer0] IFrame has not responded within 5 seconds. Check iFrameResizer.contentWindow.js has been loaded in iFrame. This message can be ignored if everything is working, or you can set the warningTimeout option to a higher value or zero to suppress this warning. @ https://www.2gb.com/wp-content/themes/ucms/assets/lib/iframe-resizer/iframeResizer.min.js?ver=1778569102:7
[    8655ms] [ERROR] Failed to load resource: the server responded with a status of 400 () @ https://cksync.yahoo.co.jp/sspsync?ptr=12703&google_gid=CAESEMFPbeSXHlwvNVICaCPIT8Q&google_cver=1&google_push=AXcoOmQx4-lIo6Okcju4XMFkxhTmHyQoOJUFRJEUvLK045Ej4TVRHLMbcc4zr_Efu2bNh4qu8KSO-0rxfyRSd-OwqU5mJi0CCz829rFSQx5nuh5jm2jcIb5HimWQU8SJsABJSnVVskRaKnoWNDZ3uVLCYxLiKg:0
